<?xml version="1.0" encoding="UTF-8"?>
<testsuite xmlns:xsi="http://www.w3.org/2001/XMLSchema-instance" xsi:noNamespaceSchemaLocation="https://maven.apache.org/surefire/maven-surefire-plugin/xsd/surefire-test-report-3.0.xsd" version="3.0" name="TestSuite" time="14.349" tests="2" errors="0" skipped="0" failures="0">
  <properties>
    <property name="sun.desktop" value="windows"/>
    <property name="awt.toolkit" value="sun.awt.windows.WToolkit"/>
    <property name="file.encoding.pkg" value="sun.io"/>
    <property name="java.specification.version" value="1.8"/>
    <property name="webdriver.chrome.driver" value="D:\chromedriver_win32\chromedriver.exe"/>
    <property name="sun.cpu.isalist" value="amd64"/>
    <property name="sun.jnu.encoding" value="Cp1252"/>
    <property name="java.class.path" value="D:\E2EProject\target\test-classes;D:\E2EProject\target\classes;C:\Users\Z003K6TD\.m2\repository\com\aventstack\extentreports\3.0.6\extentreports-3.0.6.jar;C:\Users\Z003K6TD\.m2\repository\org\freemarker\freemarker\2.3.23\freemarker-2.3.23.jar;C:\Users\Z003K6TD\.m2\repository\org\mongodb\mongodb-driver\3.3.0\mongodb-driver-3.3.0.jar;C:\Users\Z003K6TD\.m2\repository\org\mongodb\bson\3.3.0\bson-3.3.0.jar;C:\Users\Z003K6TD\.m2\repository\org\mongodb\mongodb-driver-core\3.3.0\mongodb-driver-core-3.3.0.jar;C:\Users\Z003K6TD\.m2\repository\org\apache\httpcomponents\httpclient\4.5.2\httpclient-4.5.2.jar;C:\Users\Z003K6TD\.m2\repository\org\apache\httpcomponents\httpcore\4.4.4\httpcore-4.4.4.jar;C:\Users\Z003K6TD\.m2\repository\commons-logging\commons-logging\1.2\commons-logging-1.2.jar;C:\Users\Z003K6TD\.m2\repository\commons-codec\commons-codec\1.9\commons-codec-1.9.jar;C:\Users\Z003K6TD\.m2\repository\org\apache\httpcomponents\httpmime\4.5.2\httpmime-4.5.2.jar;C:\Users\Z003K6TD\.m2\repository\org\jsoup\jsoup\1.9.2\jsoup-1.9.2.jar;C:\Users\Z003K6TD\.m2\repository\com\relevantcodes\extentreports\2.41.2\extentreports-2.41.2.jar;C:\Users\Z003K6TD\.m2\repository\org\xerial\sqlite-jdbc\3.8.11.1\sqlite-jdbc-3.8.11.1.jar;C:\Users\Z003K6TD\.m2\repository\org\testng\testng\6.8.8\testng-6.8.8.jar;C:\Users\Z003K6TD\.m2\repository\org\beanshell\bsh\2.0b4\bsh-2.0b4.jar;C:\Users\Z003K6TD\.m2\repository\com\beust\jcommander\1.27\jcommander-1.27.jar;C:\Users\Z003K6TD\.m2\repository\org\seleniumhq\selenium\selenium-java\2.53.1\selenium-java-2.53.1.jar;C:\Users\Z003K6TD\.m2\repository\org\seleniumhq\selenium\selenium-chrome-driver\2.53.1\selenium-chrome-driver-2.53.1.jar;C:\Users\Z003K6TD\.m2\repository\org\seleniumhq\selenium\selenium-remote-driver\2.53.1\selenium-remote-driver-2.53.1.jar;C:\Users\Z003K6TD\.m2\repository\cglib\cglib-nodep\2.1_3\cglib-nodep-2.1_3.jar;C:\Users\Z003K6TD\.m2\repository\com\google\code\gson\gson\2.3.1\gson-2.3.1.jar;C:\Users\Z003K6TD\.m2\repository\org\seleniumhq\selenium\selenium-api\2.53.1\selenium-api-2.53.1.jar;C:\Users\Z003K6TD\.m2\repository\com\google\guava\guava\19.0\guava-19.0.jar;C:\Users\Z003K6TD\.m2\repository\org\seleniumhq\selenium\selenium-edge-driver\2.53.1\selenium-edge-driver-2.53.1.jar;C:\Users\Z003K6TD\.m2\repository\commons-io\commons-io\2.4\commons-io-2.4.jar;C:\Users\Z003K6TD\.m2\repository\org\apache\commons\commons-exec\1.3\commons-exec-1.3.jar;C:\Users\Z003K6TD\.m2\repository\org\seleniumhq\selenium\htmlunit-driver\2.21\htmlunit-driver-2.21.jar;C:\Users\Z003K6TD\.m2\repository\net\sourceforge\htmlunit\htmlunit\2.21\htmlunit-2.21.jar;C:\Users\Z003K6TD\.m2\repository\xalan\xalan\2.7.2\xalan-2.7.2.jar;C:\Users\Z003K6TD\.m2\repository\xalan\serializer\2.7.2\serializer-2.7.2.jar;C:\Users\Z003K6TD\.m2\repository\org\apache\commons\commons-lang3\3.4\commons-lang3-3.4.jar;C:\Users\Z003K6TD\.m2\repository\net\sourceforge\htmlunit\htmlunit-core-js\2.17\htmlunit-core-js-2.17.jar;C:\Users\Z003K6TD\.m2\repository\net\sourceforge\htmlunit\neko-htmlunit\2.21\neko-htmlunit-2.21.jar;C:\Users\Z003K6TD\.m2\repository\xerces\xercesImpl\2.11.0\xercesImpl-2.11.0.jar;C:\Users\Z003K6TD\.m2\repository\xml-apis\xml-apis\1.4.01\xml-apis-1.4.01.jar;C:\Users\Z003K6TD\.m2\repository\net\sourceforge\cssparser\cssparser\0.9.18\cssparser-0.9.18.jar;C:\Users\Z003K6TD\.m2\repository\org\w3c\css\sac\1.3\sac-1.3.jar;C:\Users\Z003K6TD\.m2\repository\org\eclipse\jetty\websocket\websocket-client\9.2.15.v20160210\websocket-client-9.2.15.v20160210.jar;C:\Users\Z003K6TD\.m2\repository\org\eclipse\jetty\jetty-util\9.2.15.v20160210\jetty-util-9.2.15.v20160210.jar;C:\Users\Z003K6TD\.m2\repository\org\eclipse\jetty\jetty-io\9.2.15.v20160210\jetty-io-9.2.15.v20160210.jar;C:\Users\Z003K6TD\.m2\repository\org\eclipse\jetty\websocket\websocket-common\9.2.15.v20160210\websocket-common-9.2.15.v20160210.jar;C:\Users\Z003K6TD\.m2\repository\org\eclipse\jetty\websocket\websocket-api\9.2.15.v20160210\websocket-api-9.2.15.v20160210.jar;C:\Users\Z003K6TD\.m2\repository\commons-collections\commons-collections\3.2.2\commons-collections-3.2.2.jar;C:\Users\Z003K6TD\.m2\repository\org\seleniumhq\selenium\selenium-firefox-driver\2.53.1\selenium-firefox-driver-2.53.1.jar;C:\Users\Z003K6TD\.m2\repository\org\seleniumhq\selenium\selenium-ie-driver\2.53.1\selenium-ie-driver-2.53.1.jar;C:\Users\Z003K6TD\.m2\repository\net\java\dev\jna\jna\4.1.0\jna-4.1.0.jar;C:\Users\Z003K6TD\.m2\repository\net\java\dev\jna\jna-platform\4.1.0\jna-platform-4.1.0.jar;C:\Users\Z003K6TD\.m2\repository\org\seleniumhq\selenium\selenium-safari-driver\2.53.1\selenium-safari-driver-2.53.1.jar;C:\Users\Z003K6TD\.m2\repository\io\netty\netty\3.5.7.Final\netty-3.5.7.Final.jar;C:\Users\Z003K6TD\.m2\repository\org\seleniumhq\selenium\selenium-support\2.53.1\selenium-support-2.53.1.jar;C:\Users\Z003K6TD\.m2\repository\org\seleniumhq\selenium\selenium-leg-rc\2.53.1\selenium-leg-rc-2.53.1.jar;C:\Users\Z003K6TD\.m2\repository\junit\junit\3.8.1\junit-3.8.1.jar;C:\Users\Z003K6TD\.m2\repository\org\apache\logging\log4j\log4j-api\2.13.0\log4j-api-2.13.0.jar;C:\Users\Z003K6TD\.m2\repository\org\apache\logging\log4j\log4j-core\2.13.0\log4j-core-2.13.0.jar;"/>
    <property name="java.vm.vendor" value="Oracle Corporation"/>
    <property name="sun.arch.data.model" value="64"/>
    <property name="user.variant" value=""/>
    <property name="java.vendor.url" value="http://java.oracle.com/"/>
    <property name="user.timezone" value="Asia/Calcutta"/>
    <property name="org.apache.logging.log4j.assignedSequences" value="4469"/>
    <property name="java.vm.specification.version" value="1.8"/>
    <property name="os.name" value="Windows 10"/>
    <property name="user.country" value="US"/>
    <property name="sun.java.launcher" value="SUN_STANDARD"/>
    <property name="sun.boot.library.path" value="C:\Program Files\Java\jre1.8.0_221\bin"/>
    <property name="sun.java.command" value="C:\Windows\Temp\surefire1855215217524033848\surefirebooter4105119187170373022.jar C:\Windows\Temp\surefire1855215217524033848 2020-02-26T12-20-28_924-jvmRun1 surefire8763874576000459775tmp surefire_08285260887370583972tmp"/>
    <property name="surefire.test.class.path" value="D:\E2EProject\target\test-classes;D:\E2EProject\target\classes;C:\Users\Z003K6TD\.m2\repository\com\aventstack\extentreports\3.0.6\extentreports-3.0.6.jar;C:\Users\Z003K6TD\.m2\repository\org\freemarker\freemarker\2.3.23\freemarker-2.3.23.jar;C:\Users\Z003K6TD\.m2\repository\org\mongodb\mongodb-driver\3.3.0\mongodb-driver-3.3.0.jar;C:\Users\Z003K6TD\.m2\repository\org\mongodb\bson\3.3.0\bson-3.3.0.jar;C:\Users\Z003K6TD\.m2\repository\org\mongodb\mongodb-driver-core\3.3.0\mongodb-driver-core-3.3.0.jar;C:\Users\Z003K6TD\.m2\repository\org\apache\httpcomponents\httpclient\4.5.2\httpclient-4.5.2.jar;C:\Users\Z003K6TD\.m2\repository\org\apache\httpcomponents\httpcore\4.4.4\httpcore-4.4.4.jar;C:\Users\Z003K6TD\.m2\repository\commons-logging\commons-logging\1.2\commons-logging-1.2.jar;C:\Users\Z003K6TD\.m2\repository\commons-codec\commons-codec\1.9\commons-codec-1.9.jar;C:\Users\Z003K6TD\.m2\repository\org\apache\httpcomponents\httpmime\4.5.2\httpmime-4.5.2.jar;C:\Users\Z003K6TD\.m2\repository\org\jsoup\jsoup\1.9.2\jsoup-1.9.2.jar;C:\Users\Z003K6TD\.m2\repository\com\relevantcodes\extentreports\2.41.2\extentreports-2.41.2.jar;C:\Users\Z003K6TD\.m2\repository\org\xerial\sqlite-jdbc\3.8.11.1\sqlite-jdbc-3.8.11.1.jar;C:\Users\Z003K6TD\.m2\repository\org\testng\testng\6.8.8\testng-6.8.8.jar;C:\Users\Z003K6TD\.m2\repository\org\beanshell\bsh\2.0b4\bsh-2.0b4.jar;C:\Users\Z003K6TD\.m2\repository\com\beust\jcommander\1.27\jcommander-1.27.jar;C:\Users\Z003K6TD\.m2\repository\org\seleniumhq\selenium\selenium-java\2.53.1\selenium-java-2.53.1.jar;C:\Users\Z003K6TD\.m2\repository\org\seleniumhq\selenium\selenium-chrome-driver\2.53.1\selenium-chrome-driver-2.53.1.jar;C:\Users\Z003K6TD\.m2\repository\org\seleniumhq\selenium\selenium-remote-driver\2.53.1\selenium-remote-driver-2.53.1.jar;C:\Users\Z003K6TD\.m2\repository\cglib\cglib-nodep\2.1_3\cglib-nodep-2.1_3.jar;C:\Users\Z003K6TD\.m2\repository\com\google\code\gson\gson\2.3.1\gson-2.3.1.jar;C:\Users\Z003K6TD\.m2\repository\org\seleniumhq\selenium\selenium-api\2.53.1\selenium-api-2.53.1.jar;C:\Users\Z003K6TD\.m2\repository\com\google\guava\guava\19.0\guava-19.0.jar;C:\Users\Z003K6TD\.m2\repository\org\seleniumhq\selenium\selenium-edge-driver\2.53.1\selenium-edge-driver-2.53.1.jar;C:\Users\Z003K6TD\.m2\repository\commons-io\commons-io\2.4\commons-io-2.4.jar;C:\Users\Z003K6TD\.m2\repository\org\apache\commons\commons-exec\1.3\commons-exec-1.3.jar;C:\Users\Z003K6TD\.m2\repository\org\seleniumhq\selenium\htmlunit-driver\2.21\htmlunit-driver-2.21.jar;C:\Users\Z003K6TD\.m2\repository\net\sourceforge\htmlunit\htmlunit\2.21\htmlunit-2.21.jar;C:\Users\Z003K6TD\.m2\repository\xalan\xalan\2.7.2\xalan-2.7.2.jar;C:\Users\Z003K6TD\.m2\repository\xalan\serializer\2.7.2\serializer-2.7.2.jar;C:\Users\Z003K6TD\.m2\repository\org\apache\commons\commons-lang3\3.4\commons-lang3-3.4.jar;C:\Users\Z003K6TD\.m2\repository\net\sourceforge\htmlunit\htmlunit-core-js\2.17\htmlunit-core-js-2.17.jar;C:\Users\Z003K6TD\.m2\repository\net\sourceforge\htmlunit\neko-htmlunit\2.21\neko-htmlunit-2.21.jar;C:\Users\Z003K6TD\.m2\repository\xerces\xercesImpl\2.11.0\xercesImpl-2.11.0.jar;C:\Users\Z003K6TD\.m2\repository\xml-apis\xml-apis\1.4.01\xml-apis-1.4.01.jar;C:\Users\Z003K6TD\.m2\repository\net\sourceforge\cssparser\cssparser\0.9.18\cssparser-0.9.18.jar;C:\Users\Z003K6TD\.m2\repository\org\w3c\css\sac\1.3\sac-1.3.jar;C:\Users\Z003K6TD\.m2\repository\org\eclipse\jetty\websocket\websocket-client\9.2.15.v20160210\websocket-client-9.2.15.v20160210.jar;C:\Users\Z003K6TD\.m2\repository\org\eclipse\jetty\jetty-util\9.2.15.v20160210\jetty-util-9.2.15.v20160210.jar;C:\Users\Z003K6TD\.m2\repository\org\eclipse\jetty\jetty-io\9.2.15.v20160210\jetty-io-9.2.15.v20160210.jar;C:\Users\Z003K6TD\.m2\repository\org\eclipse\jetty\websocket\websocket-common\9.2.15.v20160210\websocket-common-9.2.15.v20160210.jar;C:\Users\Z003K6TD\.m2\repository\org\eclipse\jetty\websocket\websocket-api\9.2.15.v20160210\websocket-api-9.2.15.v20160210.jar;C:\Users\Z003K6TD\.m2\repository\commons-collections\commons-collections\3.2.2\commons-collections-3.2.2.jar;C:\Users\Z003K6TD\.m2\repository\org\seleniumhq\selenium\selenium-firefox-driver\2.53.1\selenium-firefox-driver-2.53.1.jar;C:\Users\Z003K6TD\.m2\repository\org\seleniumhq\selenium\selenium-ie-driver\2.53.1\selenium-ie-driver-2.53.1.jar;C:\Users\Z003K6TD\.m2\repository\net\java\dev\jna\jna\4.1.0\jna-4.1.0.jar;C:\Users\Z003K6TD\.m2\repository\net\java\dev\jna\jna-platform\4.1.0\jna-platform-4.1.0.jar;C:\Users\Z003K6TD\.m2\repository\org\seleniumhq\selenium\selenium-safari-driver\2.53.1\selenium-safari-driver-2.53.1.jar;C:\Users\Z003K6TD\.m2\repository\io\netty\netty\3.5.7.Final\netty-3.5.7.Final.jar;C:\Users\Z003K6TD\.m2\repository\org\seleniumhq\selenium\selenium-support\2.53.1\selenium-support-2.53.1.jar;C:\Users\Z003K6TD\.m2\repository\org\seleniumhq\selenium\selenium-leg-rc\2.53.1\selenium-leg-rc-2.53.1.jar;C:\Users\Z003K6TD\.m2\repository\junit\junit\3.8.1\junit-3.8.1.jar;C:\Users\Z003K6TD\.m2\repository\org\apache\logging\log4j\log4j-api\2.13.0\log4j-api-2.13.0.jar;C:\Users\Z003K6TD\.m2\repository\org\apache\logging\log4j\log4j-core\2.13.0\log4j-core-2.13.0.jar;"/>
    <property name="sun.cpu.endian" value="little"/>
    <property name="user.home" value="C:\Users\Z003K6TD"/>
    <property name="user.language" value="en"/>
    <property name="java.specification.vendor" value="Oracle Corporation"/>
    <property name="java.home" value="C:\Program Files\Java\jre1.8.0_221"/>
    <property name="basedir" value="D:\E2EProject"/>
    <property name="file.separator" value="\"/>
    <property name="line.separator" value="&#10;"/>
    <property name="java.vm.specification.vendor" value="Oracle Corporation"/>
    <property name="java.specification.name" value="Java Platform API Specification"/>
    <property name="java.awt.graphicsenv" value="sun.awt.Win32GraphicsEnvironment"/>
    <property name="surefire.real.class.path" value="C:\Windows\Temp\surefire1855215217524033848\surefirebooter4105119187170373022.jar"/>
    <property name="sun.boot.class.path" value="C:\Program Files\Java\jre1.8.0_221\lib\resources.jar;C:\Program Files\Java\jre1.8.0_221\lib\rt.jar;C:\Program Files\Java\jre1.8.0_221\lib\sunrsasign.jar;C:\Program Files\Java\jre1.8.0_221\lib\jsse.jar;C:\Program Files\Java\jre1.8.0_221\lib\jce.jar;C:\Program Files\Java\jre1.8.0_221\lib\charsets.jar;C:\Program Files\Java\jre1.8.0_221\lib\jfr.jar;C:\Program Files\Java\jre1.8.0_221\classes"/>
    <property name="user.script" value=""/>
    <property name="sun.management.compiler" value="HotSpot 64-Bit Tiered Compilers"/>
    <property name="java.runtime.version" value="1.8.0_221-b11"/>
    <property name="user.name" value="z003k6td"/>
    <property name="path.separator" value=";"/>
    <property name="os.version" value="10.0"/>
    <property name="java.endorsed.dirs" value="C:\Program Files\Java\jre1.8.0_221\lib\endorsed"/>
    <property name="java.runtime.name" value="Java(TM) SE Runtime Environment"/>
    <property name="file.encoding" value="Cp1252"/>
    <property name="java.vm.name" value="Java HotSpot(TM) 64-Bit Server VM"/>
    <property name="localRepository" value="C:\Users\Z003K6TD\.m2\repository"/>
    <property name="java.vendor.url.bug" value="http://bugreport.sun.com/bugreport/"/>
    <property name="java.io.tmpdir" value="C:\WINDOWS\TEMP\"/>
    <property name="java.version" value="1.8.0_221"/>
    <property name="user.dir" value="D:\E2EProject"/>
    <property name="os.arch" value="amd64"/>
    <property name="java.vm.specification.name" value="Java Virtual Machine Specification"/>
    <property name="java.awt.printerjob" value="sun.awt.windows.WPrinterJob"/>
    <property name="sun.os.patch.level" value=""/>
    <property name="java.library.path" value="C:\Program Files\Java\jre1.8.0_221\bin;C:\WINDOWS\Sun\Java\bin;C:\WINDOWS\system32;C:\WINDOWS;C:\Program Files (x86)\IBM\RationalSDLC\common;C:\Program Files (x86)\Common Files\Oracle\Java\javapath;C:\Program Files (x86)\Intel\iCLS Client\;C:\Program Files\Intel\iCLS Client\;C:\Program Files (x86)\Common Files\Intel\Shared Libraries\redist\ia32\mpirt;C:\Program Files (x86)\Common Files\Intel\Shared Libraries\redist\ia32\compiler;C:\Program Files (x86)\Common Files\Intel\Shared Files\fortran\bin\ia32;C:\WINDOWS\system32;C:\WINDOWS;C:\WINDOWS\System32\Wbem;C:\WINDOWS\System32\WindowsPowerShell\v1.0\;C:\WINDOWS\System32\OpenSSH\;C:\Program Files\Microsoft SQL Server\110\Tools\Binn\;C:\Program Files\dotnet\;C:\Program Files\Microsoft SQL Server\130\Tools\Binn\;C:\Program Files (x86)\Intel\Intel(R) Management Engine Components\DAL;C:\Program Files\Intel\Intel(R) Management Engine Components\DAL;C:\Program Files (x86)\Intel\Intel(R) Management Engine Components\IPT;C:\Program Files\Intel\Intel(R) Management Engine Components\IPT;C:\Program Files (x86)\Microsoft SDKs\TypeScript\1.0\;C:\Program Files\Microsoft SQL Server\120\Tools\Binn\;C:\Program Files\Java\jre1.8.0_221\bin;C:\Program Files (x86)\Java\jre1.8.0_221\bin;C:\Strawberry\c\bin;C:\Strawberry\perl\site\bin;C:\Strawberry\perl\bin;D:\apache-maven-3.6.3\bin;C:\Program Files\Java\jdk1.8.0_221\bin;C:\Program Files (x86)\IBM\RationalSDLC\ClearCase\bin;C:\Program Files (x86)\IBM\gsk8\lib;C:\Program Files (x86)\IBM\gsk8\bin;C:\Program Files (x86)\IBM\RationalSDLC\ClearCase\RemoteClient\cteapis;C:\Users\Z003K6TD\AppData\Local\Programs\Python\Python36\Scripts\;C:\Users\Z003K6TD\AppData\Local\Programs\Python\Python36\;C:\Program Files\JetBrains\PyCharm Community Edition 2019.3\bin;;."/>
    <property name="java.vm.info" value="mixed mode"/>
    <property name="java.vendor" value="Oracle Corporation"/>
    <property name="java.vm.version" value="25.221-b11"/>
    <property name="java.ext.dirs" value="C:\Program Files\Java\jre1.8.0_221\lib\ext;C:\WINDOWS\Sun\Java\lib\ext"/>
    <property name="sun.io.unicode.encoding" value="UnicodeLittle"/>
    <property name="java.class.version" value="52.0"/>
  </properties>
  <testcase name="validateAppTitle" classname="Academy.ValidateTitle" time="0.094"/>
  <testcase name="validateAppNavigationBar" classname="Academy.ValidateNavigationBar" time="0.096"/>
</testsuite>