<?xml version="1.0" encoding="UTF-8"?>
<!-- Generated by org.testng.reporters.JUnitReportReporter -->
<testsuite skipped="0" hostname="md1zg07c" name="Academy.Verify1" tests="3" failures="0" timestamp="2020-02-21T17:57:31 IST" time="0.018" errors="0">
  <testcase name="validateAppTitle" time="0.011" classname="Academy.Verify1"/>
  <testcase name="validateAppTitle1" time="0.005" classname="Academy.Verify1"/>
  <testcase name="validateAppTitle2" time="0.002" classname="Academy.Verify1"/>
</testsuite> <!-- Academy.Verify1 -->
