<?xml version="1.0" encoding="UTF-8"?>
<!-- Generated by org.testng.reporters.JUnitReportReporter -->
<testsuite skipped="0" hostname="md1zg07c" name="cucumberOptions.TestRunner" tests="1" failures="0" timestamp="2020-02-27T16:58:55 IST" time="328.283" errors="0">
  <testcase name="feature" time="328.283" classname="cucumberOptions.TestRunner"/>
</testsuite> <!-- cucumberOptions.TestRunner -->
