<?xml version="1.0" encoding="UTF-8"?>
<!-- Generated by org.testng.reporters.JUnitReportReporter -->
<testsuite skipped="0" hostname="md1zg07c" name="Academy.ValidateTitle" tests="1" failures="0" timestamp="2020-02-26T18:29:40 IST" time="3.745" errors="0">
  <testcase name="validateAppTitle" time="3.745" classname="Academy.ValidateTitle"/>
</testsuite> <!-- Academy.ValidateTitle -->
