<?xml version="1.0" encoding="UTF-8"?>
<!-- Generated by org.testng.reporters.JUnitReportReporter -->
<testsuite skipped="0" hostname="md1zg07c" name="Academy.ValidateNavigationBar" tests="1" failures="0" timestamp="2020-02-26T18:29:40 IST" time="1.824" errors="0">
  <testcase name="validateAppNavigationBar" time="1.824" classname="Academy.ValidateNavigationBar"/>
</testsuite> <!-- Academy.ValidateNavigationBar -->
