<?xml version="1.0" encoding="UTF-8"?>
<!-- Generated by org.testng.reporters.JUnitReportReporter -->
<testsuite skipped="0" hostname="md1zg07c" name="Academy.HomePage" tests="2" failures="0" timestamp="2020-02-26T18:32:20 IST" time="24.466" errors="0">
  <testcase name="basePageNavigation" time="7.103" classname="Academy.HomePage"/>
  <testcase name="basePageNavigation" time="17.363" classname="Academy.HomePage"/>
</testsuite> <!-- Academy.HomePage -->
