<?xml version="1.0" encoding="UTF-8"?>
<!-- Generated by org.testng.reporters.JUnitReportReporter -->
<testsuite skipped="0" hostname="md1zg07c" name="Academy.AppTest" tests="1" failures="0" timestamp="2020-02-19T20:48:05 IST" time="0.001" errors="0">
  <testcase name="testApp" time="0.001" classname="Academy.AppTest"/>
</testsuite> <!-- Academy.AppTest -->
