<?xml version="1.0" encoding="UTF-8"?>
<!-- Generated by org.testng.reporters.JUnitReportReporter -->
<testsuite skipped="0" hostname="md1zg07c" name="Academy.Verify3" tests="3" failures="0" timestamp="2020-02-21T17:52:49 IST" time="0.006" errors="0">
  <testcase name="validateAppTitle1" time="0.001" classname="Academy.Verify3"/>
  <testcase name="validateAppTitle2" time="0.001" classname="Academy.Verify3"/>
  <testcase name="validateAppTitle3" time="0.004" classname="Academy.Verify3"/>
</testsuite> <!-- Academy.Verify3 -->
