<?xml version="1.0" encoding="UTF-8"?>
<!-- Generated by org.testng.reporters.JUnitReportReporter -->
<testsuite hostname="md1zg07c" name="Academy.ValidateNavigationBar" tests="1" failures="0" timestamp="26 Feb 2020 06:50:43 GMT" time="0.165" errors="0">
  <testcase name="validateAppNavigationBar" time="0.165" classname="Academy.ValidateNavigationBar"/>
</testsuite> <!-- Academy.ValidateNavigationBar -->
