<?xml version="1.0" encoding="UTF-8"?>
<!-- Generated by org.testng.reporters.JUnitReportReporter -->
<testsuite hostname="md1zg07c" name="Academy.ValidateTitle" tests="1" failures="0" timestamp="26 Feb 2020 06:50:43 GMT" time="0.167" errors="0">
  <testcase name="validateAppTitle" time="0.167" classname="Academy.ValidateTitle"/>
</testsuite> <!-- Academy.ValidateTitle -->
